{"C:\\Users\\pruth\\OneDrive\\Desktop\\PruthviRaj\\New folder (2)\\Technical Prep\\New folder\\src\\components\\sum.js": {"path":"C:\\Users\\pruth\\OneDrive\\Desktop\\PruthviRaj\\New folder (2)\\Technical Prep\\New folder\\src\\components\\sum.js","statementMap":{"0":{"start":{"line":11,"column":4},"end":{"line":11,"column":17}},"1":{"start":{"line":14,"column":0},"end":{"line":14,"column":25}}},"fnMap":{"0":{"name":"sum","decl":{"start":{"line":10,"column":9},"end":{"line":10,"column":12}},"loc":{"start":{"line":10,"column":19},"end":{"line":12,"column":1}},"line":10}},"branchMap":{},"s":{"0":1,"1":1},"f":{"0":1},"b":{},"_coverageSchema":"1a1c01bbd47fc00a2c39e90264f33305004495a9","hash":"d26360f345f4502d402190904cb0140c6d2185e7"}
}
